<?xml version="1.0" encoding="UTF-8"?>
<!-- Generated by org.testng.reporters.JUnitXMLReporter -->
<testsuite hostname="DESKTOP-FVS46NS" name="MyPortfolio Stock Testcase" tests="1" failures="1" timestamp="26 Jun 2022 22:41:47 GMT" time="2.117" errors="0">
  <testcase name="feature" time="2.019" classname="testrunners.myPortfolioTestStocks">
    <failure type="cucumber.runtime.CucumberException" message="java.lang.NullPointerException">
      <![CDATA[cucumber.runtime.CucumberException: java.lang.NullPointerException
	at cucumber.api.testng.TestNGCucumberRunner.runCucumber(TestNGCucumberRunner.java:69)
	at cucumber.api.testng.AbstractTestNGCucumberTests.feature(AbstractTestNGCucumberTests.java:21)
Caused by: java.lang.NullPointerException
	at stepdefinition.rediffmoneyMyPortfolioStock.click_add_stock_button(rediffmoneyMyPortfolioStock.java:19)
	at âœ½.Given click add stock button(FeatureFiles/myPortfolioStock.feature:7)
... Removed 24 stack frames]]>
    </failure>
  </testcase> <!-- feature -->
</testsuite> <!-- MyPortfolio Stock Testcase -->
